<?xml version="1.0" encoding="UTF-8"?>
<testsuite name="TaxCalulationTest" tests="6" skipped="0" failures="0" errors="0" timestamp="2022-09-30T08:55:31" hostname="PLPC017457" time="3.141">
  <properties/>
  <testcase name="calculateVat[0](true, true, EUR, 250, CA, 1027.55, 634.29, null, 200)" classname="TaxCalulationTest" time="1.826"/>
  <testcase name="calculateVat[1](true, true, YYY, 250, CA, 0, 0, currency not found, 400)" classname="TaxCalulationTest" time="0.341"/>
  <testcase name="calculateVat[2](false, true, EUR, 250, CA, 0, 0, Unauthorized, 401)" classname="TaxCalulationTest" time="0.237"/>
  <testcase name="calculateVat[3](true, false, EUR, 250, CA, 0, 0, Not Found, 404)" classname="TaxCalulationTest" time="0.225"/>
  <testcase name="calculateVat[4](true, true, EUR, 250, CA-MB, 0, 0, null, 500)" classname="TaxCalulationTest" time="0.233"/>
  <testcase name="calculateVat[5](true, true, EUR, 500, CA, 1392.05, 859.29, null, 200)" classname="TaxCalulationTest" time="0.274"/>
  <system-out><![CDATA[Request method:	POST
Request URI:	https://api.integration.eurora.com/customs-calculator/v1/shopping-cart
Proxy:			<none>
Request params:	<none>
Query params:	<none>
Form params:	<none>
Path params:	<none>
Headers:		X-Auth-Token=ckCi8JagStC6ruNeSWY2kQCpIl5rfl6T
				Accept=*/*
				Content-Type=application/json; charset=UTF-8
Cookies:		<none>
Multiparts:		<none>
Body:
[
    {
        "externalId": "123e4567-e89b-12d3-a456-426655440000",
        "orderCurrency": "EUR",
        "transportationPrice": 5000.55,
        "insurancePrice": 100.0,
        "otherAdditionalCosts": 15.55,
        "originCountry": "CN",
        "destinationCountry": "CA",
        "destinationRegion": "CA-MB",
        "additionalValueShare": "MANUAL",
        "goods": [
            {
                "externalId": "123e4567-e89b-12d3-a456-426655440000",
                "gtin": "00012345600012",
                "title": "Fidget spinners",
                "description": "Fidget spinners",
                "hsCode": "0101000000",
                "price": {
                    "currency": "EUR",
                    "value": 11.25
                },
                "weight": 0.15,
                "quantity": 250,
                "additionalValueShareRatio": 1
            }
        ],
        "date": "2022-09-27",
        "useDeMinimis": true,
        "hsCodeReplaceAllowed": true
    }
]
[
    {
        "externalId": "123e4567-e89b-12d3-a456-426655440000",
        "totalVat": 1027.55,
        "totalDuties": 634.29,
        "goods": [
            {
                "externalId": "123e4567-e89b-12d3-a456-426655440000",
                "description": "Fidget spinners",
                "vat": 1027.55,
                "duty": 634.29,
                "vatRate": 0.12,
                "dutyRate": 0.08,
                "hsCodeCorrectness": 0.91,
                "calculatedHsCode": "950300",
                "calculatedHsCodeRestrictions": [
                    
                ],
                "providedHsCodeRestrictions": [
                    
                ]
            }
        ]
    }
]
OK 200 Test:
TOTAL VAT: 1027.55
Request method:	POST
Request URI:	https://api.integration.eurora.com/customs-calculator/v1/shopping-cart
Proxy:			<none>
Request params:	<none>
Query params:	<none>
Form params:	<none>
Path params:	<none>
Headers:		X-Auth-Token=ckCi8JagStC6ruNeSWY2kQCpIl5rfl6T
				Accept=*/*
				Content-Type=application/json; charset=UTF-8
Cookies:		<none>
Multiparts:		<none>
Body:
[
    {
        "externalId": "123e4567-e89b-12d3-a456-426655440000",
        "orderCurrency": "EUR",
        "transportationPrice": 5000.55,
        "insurancePrice": 100.0,
        "otherAdditionalCosts": 15.55,
        "originCountry": "CN",
        "destinationCountry": "CA",
        "destinationRegion": "CA-MB",
        "additionalValueShare": "MANUAL",
        "goods": [
            {
                "externalId": "123e4567-e89b-12d3-a456-426655440000",
                "gtin": "00012345600012",
                "title": "Fidget spinners",
                "description": "Fidget spinners",
                "hsCode": "0101000000",
                "price": {
                    "currency": "YYY",
                    "value": 11.25
                },
                "weight": 0.15,
                "quantity": 250,
                "additionalValueShareRatio": 1
            }
        ],
        "date": "2022-09-27",
        "useDeMinimis": true,
        "hsCodeReplaceAllowed": true
    }
]
{
    "type": "CONSTRAINT_VIOLATION",
    "rows": [
        {
            "field": "currency",
            "reason": "Currency",
            "message": "currency not found"
        }
    ]
}
Unauthorised 400 Test:
Request method:	POST
Request URI:	https://api.integration.eurora.com/customs-calculator/v1/shopping-cart
Proxy:			<none>
Request params:	<none>
Query params:	<none>
Form params:	<none>
Path params:	<none>
Headers:		X-Auth-Token=invalidToken
				Accept=*/*
				Content-Type=application/json; charset=UTF-8
Cookies:		<none>
Multiparts:		<none>
Body:
[
    {
        "externalId": "123e4567-e89b-12d3-a456-426655440000",
        "orderCurrency": "EUR",
        "transportationPrice": 5000.55,
        "insurancePrice": 100.0,
        "otherAdditionalCosts": 15.55,
        "originCountry": "CN",
        "destinationCountry": "CA",
        "destinationRegion": "CA-MB",
        "additionalValueShare": "MANUAL",
        "goods": [
            {
                "externalId": "123e4567-e89b-12d3-a456-426655440000",
                "gtin": "00012345600012",
                "title": "Fidget spinners",
                "description": "Fidget spinners",
                "hsCode": "0101000000",
                "price": {
                    "currency": "EUR",
                    "value": 11.25
                },
                "weight": 0.15,
                "quantity": 250,
                "additionalValueShareRatio": 1
            }
        ],
        "date": "2022-09-27",
        "useDeMinimis": true,
        "hsCodeReplaceAllowed": true
    }
]
{
    "status": 401,
    "message": "Unauthorized"
}
Bad Request 401 Test:
Request method:	POST
Request URI:	https://api.integration.eurora.com/customs-calculator/v1/shopping-cartX
Proxy:			<none>
Request params:	<none>
Query params:	<none>
Form params:	<none>
Path params:	<none>
Headers:		X-Auth-Token=ckCi8JagStC6ruNeSWY2kQCpIl5rfl6T
				Accept=*/*
				Content-Type=application/json; charset=UTF-8
Cookies:		<none>
Multiparts:		<none>
Body:
[
    {
        "externalId": "123e4567-e89b-12d3-a456-426655440000",
        "orderCurrency": "EUR",
        "transportationPrice": 5000.55,
        "insurancePrice": 100.0,
        "otherAdditionalCosts": 15.55,
        "originCountry": "CN",
        "destinationCountry": "CA",
        "destinationRegion": "CA-MB",
        "additionalValueShare": "MANUAL",
        "goods": [
            {
                "externalId": "123e4567-e89b-12d3-a456-426655440000",
                "gtin": "00012345600012",
                "title": "Fidget spinners",
                "description": "Fidget spinners",
                "hsCode": "0101000000",
                "price": {
                    "currency": "EUR",
                    "value": 11.25
                },
                "weight": 0.15,
                "quantity": 250,
                "additionalValueShareRatio": 1
            }
        ],
        "date": "2022-09-27",
        "useDeMinimis": true,
        "hsCodeReplaceAllowed": true
    }
]
{
    "timestamp": "2022-09-30T08:55:34.230+00:00",
    "status": 404,
    "error": "Not Found",
    "path": "/v1/shopping-cartX"
}
Not Found 404 Test:
Request method:	POST
Request URI:	https://api.integration.eurora.com/customs-calculator/v1/shopping-cart
Proxy:			<none>
Request params:	<none>
Query params:	<none>
Form params:	<none>
Path params:	<none>
Headers:		X-Auth-Token=ckCi8JagStC6ruNeSWY2kQCpIl5rfl6T
				Accept=*/*
				Content-Type=application/json; charset=UTF-8
Cookies:		<none>
Multiparts:		<none>
Body:
[
    {
        "externalId": "123e4567-e89b-12d3-a456-426655440000",
        "orderCurrency": "EUR",
        "transportationPrice": 5000.55,
        "insurancePrice": 100.0,
        "otherAdditionalCosts": 15.55,
        "originCountry": "CN",
        "destinationCountry": "CA-MB",
        "destinationRegion": "CA-MB",
        "additionalValueShare": "MANUAL",
        "goods": [
            {
                "externalId": "123e4567-e89b-12d3-a456-426655440000",
                "gtin": "00012345600012",
                "title": "Fidget spinners",
                "description": "Fidget spinners",
                "hsCode": "0101000000",
                "price": {
                    "currency": "EUR",
                    "value": 11.25
                },
                "weight": 0.15,
                "quantity": 250,
                "additionalValueShareRatio": 1
            }
        ],
        "date": "2022-09-27",
        "useDeMinimis": true,
        "hsCodeReplaceAllowed": true
    }
]
{
    "id": "m5uTbtGzUTBHZ2TN8A9O"
}
Internal Server Error 500 Test:
Request method:	POST
Request URI:	https://api.integration.eurora.com/customs-calculator/v1/shopping-cart
Proxy:			<none>
Request params:	<none>
Query params:	<none>
Form params:	<none>
Path params:	<none>
Headers:		X-Auth-Token=ckCi8JagStC6ruNeSWY2kQCpIl5rfl6T
				Accept=*/*
				Content-Type=application/json; charset=UTF-8
Cookies:		<none>
Multiparts:		<none>
Body:
[
    {
        "externalId": "123e4567-e89b-12d3-a456-426655440000",
        "orderCurrency": "EUR",
        "transportationPrice": 5000.55,
        "insurancePrice": 100.0,
        "otherAdditionalCosts": 15.55,
        "originCountry": "CN",
        "destinationCountry": "CA",
        "destinationRegion": "CA-MB",
        "additionalValueShare": "MANUAL",
        "goods": [
            {
                "externalId": "123e4567-e89b-12d3-a456-426655440000",
                "gtin": "00012345600012",
                "title": "Fidget spinners",
                "description": "Fidget spinners",
                "hsCode": "0101000000",
                "price": {
                    "currency": "EUR",
                    "value": 11.25
                },
                "weight": 0.15,
                "quantity": 500,
                "additionalValueShareRatio": 1
            }
        ],
        "date": "2022-09-27",
        "useDeMinimis": true,
        "hsCodeReplaceAllowed": true
    }
]
[
    {
        "externalId": "123e4567-e89b-12d3-a456-426655440000",
        "totalVat": 1392.05,
        "totalDuties": 859.29,
        "goods": [
            {
                "externalId": "123e4567-e89b-12d3-a456-426655440000",
                "description": "Fidget spinners",
                "vat": 1392.05,
                "duty": 859.29,
                "vatRate": 0.12,
                "dutyRate": 0.08,
                "hsCodeCorrectness": 0.91,
                "calculatedHsCode": "950300",
                "calculatedHsCodeRestrictions": [
                    
                ],
                "providedHsCodeRestrictions": [
                    
                ]
            }
        ]
    }
]
OK 200 Test:
TOTAL VAT: 1392.05
]]></system-out>
  <system-err><![CDATA[]]></system-err>
</testsuite>
