<?xml version="1.0" encoding="UTF-8"?>
<testsuite name="TaxCalulationTest" tests="1" skipped="0" failures="0" errors="0" timestamp="2022-09-28T15:16:52" hostname="PLPC017457" time="1.226">
  <properties/>
  <testcase name="calculateVat[0](true, false, EUR, 250, 0, Not Found, 404)" classname="TaxCalulationTest" time="1.226"/>
  <system-out><![CDATA[Request method:	POST
Request URI:	https://api.integration.eurora.com/customs-calculator/v1/shopping-cartX
Proxy:			<none>
Request params:	<none>
Query params:	<none>
Form params:	<none>
Path params:	<none>
Headers:		X-Auth-Token=ckCi8JagStC6ruNeSWY2kQCpIl5rfl6T
				Accept=*/*
				Content-Type=application/json; charset=UTF-8
Cookies:		<none>
Multiparts:		<none>
Body:
[
    {
        "externalId": "123e4567-e89b-12d3-a456-426655440000",
        "orderCurrency": "EUR",
        "transportationPrice": 5000.55,
        "insurancePrice": 100.0,
        "otherAdditionalCosts": 15.55,
        "originCountry": "CN",
        "destinationCountry": "CA",
        "destinationRegion": "CA-MB",
        "additionalValueShare": "MANUAL",
        "goods": [
            {
                "externalId": "123e4567-e89b-12d3-a456-426655440000",
                "gtin": "00012345600012",
                "title": "Fidget spinners",
                "description": "Fidget spinners",
                "hsCode": "0101000000",
                "price": {
                    "currency": "EUR",
                    "value": 11.25
                },
                "weight": 0.15,
                "quantity": 250,
                "additionalValueShareRatio": 1
            }
        ],
        "date": "2022-09-27",
        "useDeMinimis": true,
        "hsCodeReplaceAllowed": true
    }
]
Not Found
]]></system-out>
  <system-err><![CDATA[]]></system-err>
</testsuite>
